2021-03-14 00:01:08.645  INFO 14044 --- [restartedMain] c.d.s.StudentVacancyAllocaterApplication : Starting StudentVacancyAllocaterApplication using Java 11.0.10 on LAPTOP-G73FVSD8 with PID 14044 (/home/tendaizhou/Source_Code/form-one-registration/target/classes started by tendaizhou in /home/tendaizhou/Source_Code/form-one-registration)
2021-03-14 00:01:08.707  INFO 14044 --- [restartedMain] c.d.s.StudentVacancyAllocaterApplication : No active profile set, falling back to default profiles: default
2021-03-14 00:01:08.772  INFO 14044 --- [restartedMain] .e.DevToolsPropertyDefaultsPostProcessor : Devtools property defaults active! Set 'spring.devtools.add-properties' to 'false' to disable
2021-03-14 00:01:08.773  INFO 14044 --- [restartedMain] .e.DevToolsPropertyDefaultsPostProcessor : For additional web related logging consider setting the 'logging.level.web' property to 'DEBUG'
2021-03-14 00:01:09.564  INFO 14044 --- [restartedMain] .s.d.r.c.RepositoryConfigurationDelegate : Bootstrapping Spring Data JPA repositories in DEFAULT mode.
2021-03-14 00:01:09.633  INFO 14044 --- [restartedMain] .s.d.r.c.RepositoryConfigurationDelegate : Finished Spring Data repository scanning in 62 ms. Found 7 JPA repository interfaces.
2021-03-14 00:01:10.243  INFO 14044 --- [restartedMain] o.s.b.w.embedded.tomcat.TomcatWebServer  : Tomcat initialized with port(s): 8788 (http)
2021-03-14 00:01:10.253  INFO 14044 --- [restartedMain] o.apache.catalina.core.StandardService   : Starting service [Tomcat]
2021-03-14 00:01:10.253  INFO 14044 --- [restartedMain] org.apache.catalina.core.StandardEngine  : Starting Servlet engine: [Apache Tomcat/9.0.41]
2021-03-14 00:01:10.308  INFO 14044 --- [restartedMain] o.a.c.c.C.[.[localhost].[/regSystem]     : Initializing Spring embedded WebApplicationContext
2021-03-14 00:01:10.309  INFO 14044 --- [restartedMain] w.s.c.ServletWebServerApplicationContext : Root WebApplicationContext: initialization completed in 1536 ms
2021-03-14 00:01:10.678  INFO 14044 --- [restartedMain] com.zaxxer.hikari.HikariDataSource       : HikariPool-1 - Starting...
2021-03-14 00:01:10.949  INFO 14044 --- [restartedMain] com.zaxxer.hikari.HikariDataSource       : HikariPool-1 - Start completed.
2021-03-14 00:01:12.092  INFO 14044 --- [restartedMain] j.LocalContainerEntityManagerFactoryBean : Initialized JPA EntityManagerFactory for persistence unit 'default'
2021-03-14 00:01:12.125  INFO 14044 --- [restartedMain] o.s.b.d.a.OptionalLiveReloadServer       : LiveReload server is running on port 35729
2021-03-14 00:01:12.708  INFO 14044 --- [actor-system-akka.actor.default-dispatcher-4] akka.event.slf4j.Slf4jLogger             : Slf4jLogger started
2021-03-14 00:01:13.450  WARN 14044 --- [restartedMain] JpaBaseConfiguration$JpaWebConfiguration : spring.jpa.open-in-view is enabled by default. Therefore, database queries may be performed during view rendering. Explicitly configure spring.jpa.open-in-view to disable this warning
2021-03-14 00:01:13.630  INFO 14044 --- [restartedMain] o.s.s.concurrent.ThreadPoolTaskExecutor  : Initializing ExecutorService 'applicationTaskExecutor'
2021-03-14 00:01:13.717  WARN 14044 --- [restartedMain] ion$DefaultTemplateResolverConfiguration : Cannot find template location: classpath:/templates/ (please add some templates or check your Thymeleaf configuration)
2021-03-14 00:01:13.903  INFO 14044 --- [restartedMain] o.s.b.w.embedded.tomcat.TomcatWebServer  : Tomcat started on port(s): 8788 (http) with context path '/regSystem'
2021-03-14 00:01:14.267  INFO 14044 --- [restartedMain] c.d.s.StudentVacancyAllocaterApplication : Started StudentVacancyAllocaterApplication in 5.98 seconds (JVM running for 6.343)
2021-03-14 00:02:16.051  INFO 14044 --- [http-nio-8788-exec-1] o.a.c.c.C.[.[localhost].[/regSystem]     : Initializing Spring DispatcherServlet 'dispatcherServlet'
2021-03-14 00:02:16.052  INFO 14044 --- [http-nio-8788-exec-1] o.s.web.servlet.DispatcherServlet        : Initializing Servlet 'dispatcherServlet'
2021-03-14 00:02:16.055  INFO 14044 --- [http-nio-8788-exec-1] o.s.web.servlet.DispatcherServlet        : Completed initialization in 3 ms
2021-03-14 00:05:18.477  INFO 14044 --- [SpringContextShutdownHook] o.s.s.concurrent.ThreadPoolTaskExecutor  : Shutting down ExecutorService 'applicationTaskExecutor'
2021-03-14 00:05:18.483  INFO 14044 --- [SpringContextShutdownHook] j.LocalContainerEntityManagerFactoryBean : Closing JPA EntityManagerFactory for persistence unit 'default'
2021-03-14 00:05:18.487  INFO 14044 --- [SpringContextShutdownHook] com.zaxxer.hikari.HikariDataSource       : HikariPool-1 - Shutdown initiated...
2021-03-14 00:05:18.496  INFO 14044 --- [SpringContextShutdownHook] com.zaxxer.hikari.HikariDataSource       : HikariPool-1 - Shutdown completed.
